# JRE version: Java(TM) SE Runtime Environment (8.0_121-b13) (build 1.8.0_121-b13)
# Java VM: Java HotSpot(TM) 64-Bit Server VM (25.121-b13 mixed mode bsd-amd64 compressed oops)
Heap:
 garbage-first heap   total 2097152K, used 1199803K [0x0000000740000000, 0x0000000742000200, 0x00000007c0000000)
  region size 32768K, 2 young (65536K), 1 survivors (32768K)
 Metaspace       used 140248K, capacity 147696K, committed 149168K, reserved 1179648K
  class space    used 17627K, capacity 18997K, committed 19376K, reserved 1048576K
GC Heap History (10 events):
Event: 325.283 GC heap before
{Heap before GC invocations=159 (full 16):
 garbage-first heap   total 2097152K, used 2054496K [0x0000000740000000, 0x0000000742000200, 0x00000007c0000000)
  region size 32768K, 0 young (0K), 0 survivors (0K)
 Metaspace       used 140025K, capacity 147344K, committed 148912K, reserved 1179648K
  class space    used 17596K, capacity 18953K, committed 19376K, reserved 1048576K
Event: 325.291 GC heap after
Heap after GC invocations=160 (full 16):
 garbage-first heap   total 2097152K, used 2054496K [0x0000000740000000, 0x0000000742000200, 0x00000007c0000000)
  region size 32768K, 0 young (0K), 0 survivors (0K)
 Metaspace       used 140025K, capacity 147344K, committed 148912K, reserved 1179648K
  class space    used 17596K, capacity 18953K, committed 19376K, reserved 1048576K
}
Event: 325.292 GC heap before
{Heap before GC invocations=160 (full 16):
 garbage-first heap   total 2097152K, used 2054496K [0x0000000740000000, 0x0000000742000200, 0x00000007c0000000)
  region size 32768K, 0 young (0K), 0 survivors (0K)
 Metaspace       used 140025K, capacity 147344K, committed 148912K, reserved 1179648K
  class space    used 17596K, capacity 18953K, committed 19376K, reserved 1048576K
Event: 325.298 GC heap after
Heap after GC invocations=161 (full 16):
 garbage-first heap   total 2097152K, used 2054496K [0x0000000740000000, 0x0000000742000200, 0x00000007c0000000)
  region size 32768K, 0 young (0K), 0 survivors (0K)
 Metaspace       used 140025K, capacity 147344K, committed 148912K, reserved 1179648K
  class space    used 17596K, capacity 18953K, committed 19376K, reserved 1048576K
}
Event: 325.300 GC heap before
{Heap before GC invocations=161 (full 16):
 garbage-first heap   total 2097152K, used 2054496K [0x0000000740000000, 0x0000000742000200, 0x00000007c0000000)
  region size 32768K, 0 young (0K), 0 survivors (0K)
 Metaspace       used 140025K, capacity 147344K, committed 148912K, reserved 1179648K
  class space    used 17596K, capacity 18953K, committed 19376K, reserved 1048576K
Event: 328.349 GC heap after
Heap after GC invocations=162 (full 17):
 garbage-first heap   total 2097152K, used 1038070K [0x0000000740000000, 0x0000000742000200, 0x00000007c0000000)
  region size 32768K, 0 young (0K), 0 survivors (0K)
 Metaspace       used 140025K, capacity 147344K, committed 148912K, reserved 1179648K
  class space    used 17596K, capacity 18953K, committed 19376K, reserved 1048576K
}
Event: 357.397 GC heap before
{Heap before GC invocations=162 (full 17):
 garbage-first heap   total 2097152K, used 1136374K [0x0000000740000000, 0x0000000742000200, 0x00000007c0000000)
  region size 32768K, 3 young (98304K), 0 survivors (0K)
 Metaspace       used 140245K, capacity 147702K, committed 149168K, reserved 1179648K
  class space    used 17628K, capacity 19000K, committed 19376K, reserved 1048576K
Event: 357.404 GC heap after
Heap after GC invocations=163 (full 17):
 garbage-first heap   total 2097152K, used 1039980K [0x0000000740000000, 0x0000000742000200, 0x00000007c0000000)
  region size 32768K, 1 young (32768K), 1 survivors (32768K)
 Metaspace       used 140245K, capacity 147702K, committed 149168K, reserved 1179648K
  class space    used 17628K, capacity 19000K, committed 19376K, reserved 1048576K
}
Event: 369.212 GC heap before
{Heap before GC invocations=163 (full 17):
 garbage-first heap   total 2097152K, used 1039980K [0x0000000740000000, 0x0000000742000200, 0x00000007c0000000)
  region size 32768K, 2 young (65536K), 1 survivors (32768K)
 Metaspace       used 140249K, capacity 147702K, committed 149168K, reserved 1179648K
  class space    used 17628K, capacity 19000K, committed 19376K, reserved 1048576K
Event: 369.221 GC heap after
Heap after GC invocations=164 (full 17):
 garbage-first heap   total 2097152K, used 1040330K [0x0000000740000000, 0x0000000742000200, 0x00000007c0000000)
  region size 32768K, 1 young (32768K), 1 survivors (32768K)
 Metaspace       used 140249K, capacity 147702K, committed 149168K, reserved 1179648K
  class space    used 17628K, capacity 19000K, committed 19376K, reserved 1048576K
}

